# JRE version: OpenJDK Runtime Environment Temurin-17.0.2+8 (17.0.2+8) (build 17.0.2+8)
# Java VM: OpenJDK 64-Bit Server VM Temurin-17.0.2+8 (17.0.2+8, mixed mode, tiered, compressed oops, compressed class ptrs, parallel gc, windows-amd64)
GC Precious Log:
 CPUs: 4 total, 4 available
 Memory: 7862M
 Large Page Support: Disabled
 NUMA Support: Disabled
 Compressed Oops: Enabled (32-bit)
 Alignments: Space 512K, Generation 512K, Heap 2M
 Heap Min Capacity: 100M
 Heap Initial Capacity: 100M
 Heap Max Capacity: 1G
 Pre-touch: Disabled
 Parallel Workers: 4
Heap:
 PSYoungGen      total 9216K, used 1548K [0x00000000eab00000, 0x00000000eb680000, 0x0000000100000000)
  eden space 8192K, 6% used [0x00000000eab00000,0x00000000eab8b3b0,0x00000000eb300000)
  from space 1024K, 96% used [0x00000000eb300000,0x00000000eb3f8000,0x00000000eb400000)
  to   space 1536K, 0% used [0x00000000eb500000,0x00000000eb500000,0x00000000eb680000)
 ParOldGen       total 119808K, used 102078K [0x00000000c0000000, 0x00000000c7500000, 0x00000000eab00000)
  object space 119808K, 85% used [0x00000000c0000000,0x00000000c63afaf8,0x00000000c7500000)
 Metaspace       used 77767K, committed 78656K, reserved 1122304K
  class space    used 8078K, committed 8512K, reserved 1048576K
GC Heap History (20 events):
Event: 1216.086 GC heap before
{Heap before GC invocations=1570 (full 44):
 PSYoungGen      total 5632K, used 4127K [0x00000000eab00000, 0x00000000eb400000, 0x0000000100000000)
  eden space 5120K, 73% used [0x00000000eab00000,0x00000000eaeb2c90,0x00000000eb000000)
  from space 512K, 66% used [0x00000000eb000000,0x00000000eb0552c8,0x00000000eb080000)
  to   space 1536K, 0% used [0x00000000eb280000,0x00000000eb280000,0x00000000eb400000)
 ParOldGen       total 119808K, used 95241K [0x00000000c0000000, 0x00000000c7500000, 0x00000000eab00000)
  object space 119808K, 79% used [0x00000000c0000000,0x00000000c5d02450,0x00000000c7500000)
 Metaspace       used 77702K, committed 78592K, reserved 1122304K
  class space    used 8078K, committed 8512K, reserved 1048576K
}
Event: 1216.087 GC heap after
{Heap after GC invocations=1570 (full 44):
 PSYoungGen      total 6656K, used 820K [0x00000000eab00000, 0x00000000eb380000, 0x0000000100000000)
  eden space 5632K, 0% used [0x00000000eab00000,0x00000000eab00000,0x00000000eb080000)
  from space 1024K, 80% used [0x00000000eb280000,0x00000000eb34d2c8,0x00000000eb380000)
  to   space 1024K, 0% used [0x00000000eb180000,0x00000000eb180000,0x00000000eb280000)
 ParOldGen       total 119808K, used 95241K [0x00000000c0000000, 0x00000000c7500000, 0x00000000eab00000)
  object space 119808K, 79% used [0x00000000c0000000,0x00000000c5d02450,0x00000000c7500000)
 Metaspace       used 77702K, committed 78592K, reserved 1122304K
  class space    used 8078K, committed 8512K, reserved 1048576K
}
Event: 1216.102 GC heap before
{Heap before GC invocations=1571 (full 44):
 PSYoungGen      total 6656K, used 5726K [0x00000000eab00000, 0x00000000eb380000, 0x0000000100000000)
  eden space 5632K, 87% used [0x00000000eab00000,0x00000000eafca6c8,0x00000000eb080000)
  from space 1024K, 80% used [0x00000000eb280000,0x00000000eb34d2c8,0x00000000eb380000)
  to   space 1024K, 0% used [0x00000000eb180000,0x00000000eb180000,0x00000000eb280000)
 ParOldGen       total 119808K, used 95241K [0x00000000c0000000, 0x00000000c7500000, 0x00000000eab00000)
  object space 119808K, 79% used [0x00000000c0000000,0x00000000c5d02450,0x00000000c7500000)
 Metaspace       used 77702K, committed 78592K, reserved 1122304K
  class space    used 8078K, committed 8512K, reserved 1048576K
}
Event: 1216.105 GC heap after
{Heap after GC invocations=1571 (full 44):
 PSYoungGen      total 7168K, used 788K [0x00000000eab00000, 0x00000000eb300000, 0x0000000100000000)
  eden space 6144K, 0% used [0x00000000eab00000,0x00000000eab00000,0x00000000eb100000)
  from space 1024K, 77% used [0x00000000eb180000,0x00000000eb2452c8,0x00000000eb280000)
  to   space 512K, 0% used [0x00000000eb280000,0x00000000eb280000,0x00000000eb300000)
 ParOldGen       total 119808K, used 95241K [0x00000000c0000000, 0x00000000c7500000, 0x00000000eab00000)
  object space 119808K, 79% used [0x00000000c0000000,0x00000000c5d02450,0x00000000c7500000)
 Metaspace       used 77702K, committed 78592K, reserved 1122304K
  class space    used 8078K, committed 8512K, reserved 1048576K
}
Event: 1216.118 GC heap before
{Heap before GC invocations=1572 (full 44):
 PSYoungGen      total 7168K, used 5705K [0x00000000eab00000, 0x00000000eb300000, 0x0000000100000000)
  eden space 6144K, 80% used [0x00000000eab00000,0x00000000eafcd460,0x00000000eb100000)
  from space 1024K, 77% used [0x00000000eb180000,0x00000000eb2452c8,0x00000000eb280000)
  to   space 512K, 0% used [0x00000000eb280000,0x00000000eb280000,0x00000000eb300000)
 ParOldGen       total 119808K, used 95241K [0x00000000c0000000, 0x00000000c7500000, 0x00000000eab00000)
  object space 119808K, 79% used [0x00000000c0000000,0x00000000c5d02450,0x00000000c7500000)
 Metaspace       used 77702K, committed 78592K, reserved 1122304K
  class space    used 8078K, committed 8512K, reserved 1048576K
}
Event: 1216.119 GC heap after
{Heap after GC invocations=1572 (full 44):
 PSYoungGen      total 7168K, used 512K [0x00000000eab00000, 0x00000000eb380000, 0x0000000100000000)
  eden space 6656K, 0% used [0x00000000eab00000,0x00000000eab00000,0x00000000eb180000)
  from space 512K, 100% used [0x00000000eb280000,0x00000000eb300000,0x00000000eb300000)
  to   space 1024K, 0% used [0x00000000eb180000,0x00000000eb180000,0x00000000eb280000)
 ParOldGen       total 119808K, used 95493K [0x00000000c0000000, 0x00000000c7500000, 0x00000000eab00000)
  object space 119808K, 79% used [0x00000000c0000000,0x00000000c5d41718,0x00000000c7500000)
 Metaspace       used 77702K, committed 78592K, reserved 1122304K
  class space    used 8078K, committed 8512K, reserved 1048576K
}
Event: 1216.133 GC heap before
{Heap before GC invocations=1573 (full 44):
 PSYoungGen      total 7168K, used 7013K [0x00000000eab00000, 0x00000000eb380000, 0x0000000100000000)
  eden space 6656K, 97% used [0x00000000eab00000,0x00000000eb1597b0,0x00000000eb180000)
  from space 512K, 100% used [0x00000000eb280000,0x00000000eb300000,0x00000000eb300000)
  to   space 1024K, 0% used [0x00000000eb180000,0x00000000eb180000,0x00000000eb280000)
 ParOldGen       total 119808K, used 95493K [0x00000000c0000000, 0x00000000c7500000, 0x00000000eab00000)
  object space 119808K, 79% used [0x00000000c0000000,0x00000000c5d41718,0x00000000c7500000)
 Metaspace       used 77702K, committed 78592K, reserved 1122304K
  class space    used 8078K, committed 8512K, reserved 1048576K
}
Event: 1216.134 GC heap after
{Heap after GC invocations=1573 (full 44):
 PSYoungGen      total 7680K, used 608K [0x00000000eab00000, 0x00000000eb400000, 0x0000000100000000)
  eden space 6656K, 0% used [0x00000000eab00000,0x00000000eab00000,0x00000000eb180000)
  from space 1024K, 59% used [0x00000000eb180000,0x00000000eb218000,0x00000000eb280000)
  to   space 1024K, 0% used [0x00000000eb300000,0x00000000eb300000,0x00000000eb400000)
 ParOldGen       total 119808K, used 97138K [0x00000000c0000000, 0x00000000c7500000, 0x00000000eab00000)
  object space 119808K, 81% used [0x00000000c0000000,0x00000000c5edc810,0x00000000c7500000)
 Metaspace       used 77702K, committed 78592K, reserved 1122304K
  class space    used 8078K, committed 8512K, reserved 1048576K
}
Event: 1216.230 GC heap before
{Heap before GC invocations=1574 (full 44):
 PSYoungGen      total 7680K, used 7202K [0x00000000eab00000, 0x00000000eb400000, 0x0000000100000000)
  eden space 6656K, 99% used [0x00000000eab00000,0x00000000eb170838,0x00000000eb180000)
  from space 1024K, 59% used [0x00000000eb180000,0x00000000eb218000,0x00000000eb280000)
  to   space 1024K, 0% used [0x00000000eb300000,0x00000000eb300000,0x00000000eb400000)
 ParOldGen       total 119808K, used 97138K [0x00000000c0000000, 0x00000000c7500000, 0x00000000eab00000)
  object space 119808K, 81% used [0x00000000c0000000,0x00000000c5edc810,0x00000000c7500000)
 Metaspace       used 77704K, committed 78592K, reserved 1122304K
  class space    used 8078K, committed 8512K, reserved 1048576K
}
Event: 1216.232 GC heap after
{Heap after GC invocations=1574 (full 44):
 PSYoungGen      total 8192K, used 845K [0x00000000eab00000, 0x00000000eb400000, 0x0000000100000000)
  eden space 7168K, 0% used [0x00000000eab00000,0x00000000eab00000,0x00000000eb200000)
  from space 1024K, 82% used [0x00000000eb300000,0x00000000eb3d3400,0x00000000eb400000)
  to   space 1024K, 0% used [0x00000000eb200000,0x00000000eb200000,0x00000000eb300000)
 ParOldGen       total 119808K, used 98790K [0x00000000c0000000, 0x00000000c7500000, 0x00000000eab00000)
  object space 119808K, 82% used [0x00000000c0000000,0x00000000c6079908,0x00000000c7500000)
 Metaspace       used 77704K, committed 78592K, reserved 1122304K
  class space    used 8078K, committed 8512K, reserved 1048576K
}
Event: 1216.251 GC heap before
{Heap before GC invocations=1575 (full 44):
 PSYoungGen      total 8192K, used 7929K [0x00000000eab00000, 0x00000000eb400000, 0x0000000100000000)
  eden space 7168K, 98% used [0x00000000eab00000,0x00000000eb1eb298,0x00000000eb200000)
  from space 1024K, 82% used [0x00000000eb300000,0x00000000eb3d3400,0x00000000eb400000)
  to   space 1024K, 0% used [0x00000000eb200000,0x00000000eb200000,0x00000000eb300000)
 ParOldGen       total 119808K, used 98790K [0x00000000c0000000, 0x00000000c7500000, 0x00000000eab00000)
  object space 119808K, 82% used [0x00000000c0000000,0x00000000c6079908,0x00000000c7500000)
 Metaspace       used 77704K, committed 78592K, reserved 1122304K
  class space    used 8078K, committed 8512K, reserved 1048576K
}
Event: 1216.252 GC heap after
{Heap after GC invocations=1575 (full 44):
 PSYoungGen      total 8192K, used 898K [0x00000000eab00000, 0x00000000eb480000, 0x0000000100000000)
  eden space 7168K, 0% used [0x00000000eab00000,0x00000000eab00000,0x00000000eb200000)
  from space 1024K, 87% used [0x00000000eb200000,0x00000000eb2e0a90,0x00000000eb300000)
  to   space 1024K, 0% used [0x00000000eb380000,0x00000000eb380000,0x00000000eb480000)
 ParOldGen       total 119808K, used 100434K [0x00000000c0000000, 0x00000000c7500000, 0x00000000eab00000)
  object space 119808K, 83% used [0x00000000c0000000,0x00000000c6214a00,0x00000000c7500000)
 Metaspace       used 77704K, committed 78592K, reserved 1122304K
  class space    used 8078K, committed 8512K, reserved 1048576K
}
Event: 1216.309 GC heap before
{Heap before GC invocations=1576 (full 44):
 PSYoungGen      total 8192K, used 8066K [0x00000000eab00000, 0x00000000eb480000, 0x0000000100000000)
  eden space 7168K, 100% used [0x00000000eab00000,0x00000000eb200000,0x00000000eb200000)
  from space 1024K, 87% used [0x00000000eb200000,0x00000000eb2e0a90,0x00000000eb300000)
  to   space 1024K, 0% used [0x00000000eb380000,0x00000000eb380000,0x00000000eb480000)
 ParOldGen       total 119808K, used 100434K [0x00000000c0000000, 0x00000000c7500000, 0x00000000eab00000)
  object space 119808K, 83% used [0x00000000c0000000,0x00000000c6214a00,0x00000000c7500000)
 Metaspace       used 77704K, committed 78592K, reserved 1122304K
  class space    used 8078K, committed 8512K, reserved 1048576K
}
Event: 1216.311 GC heap after
{Heap after GC invocations=1576 (full 44):
 PSYoungGen      total 8704K, used 834K [0x00000000eab00000, 0x00000000eb480000, 0x0000000100000000)
  eden space 7680K, 0% used [0x00000000eab00000,0x00000000eab00000,0x00000000eb280000)
  from space 1024K, 81% used [0x00000000eb380000,0x00000000eb450a90,0x00000000eb480000)
  to   space 1024K, 0% used [0x00000000eb280000,0x00000000eb280000,0x00000000eb380000)
 ParOldGen       total 119808K, used 102078K [0x00000000c0000000, 0x00000000c7500000, 0x00000000eab00000)
  object space 119808K, 85% used [0x00000000c0000000,0x00000000c63afaf8,0x00000000c7500000)
 Metaspace       used 77704K, committed 78592K, reserved 1122304K
  class space    used 8078K, committed 8512K, reserved 1048576K
}
Event: 1216.357 GC heap before
{Heap before GC invocations=1577 (full 44):
 PSYoungGen      total 8704K, used 7429K [0x00000000eab00000, 0x00000000eb480000, 0x0000000100000000)
  eden space 7680K, 85% used [0x00000000eab00000,0x00000000eb170aa0,0x00000000eb280000)
  from space 1024K, 81% used [0x00000000eb380000,0x00000000eb450a90,0x00000000eb480000)
  to   space 1024K, 0% used [0x00000000eb280000,0x00000000eb280000,0x00000000eb380000)
 ParOldGen       total 119808K, used 102078K [0x00000000c0000000, 0x00000000c7500000, 0x00000000eab00000)
  object space 119808K, 85% used [0x00000000c0000000,0x00000000c63afaf8,0x00000000c7500000)
 Metaspace       used 77706K, committed 78592K, reserved 1122304K
  class space    used 8078K, committed 8512K, reserved 1048576K
}
Event: 1216.358 GC heap after
{Heap after GC invocations=1577 (full 44):
 PSYoungGen      total 8704K, used 544K [0x00000000eab00000, 0x00000000eb500000, 0x0000000100000000)
  eden space 7680K, 0% used [0x00000000eab00000,0x00000000eab00000,0x00000000eb280000)
  from space 1024K, 53% used [0x00000000eb280000,0x00000000eb308000,0x00000000eb380000)
  to   space 1024K, 0% used [0x00000000eb400000,0x00000000eb400000,0x00000000eb500000)
 ParOldGen       total 119808K, used 102078K [0x00000000c0000000, 0x00000000c7500000, 0x00000000eab00000)
  object space 119808K, 85% used [0x00000000c0000000,0x00000000c63afaf8,0x00000000c7500000)
 Metaspace       used 77706K, committed 78592K, reserved 1122304K
  class space    used 8078K, committed 8512K, reserved 1048576K
}
Event: 1216.420 GC heap before
{Heap before GC invocations=1578 (full 44):
 PSYoungGen      total 8704K, used 7784K [0x00000000eab00000, 0x00000000eb500000, 0x0000000100000000)
  eden space 7680K, 94% used [0x00000000eab00000,0x00000000eb2121d8,0x00000000eb280000)
  from space 1024K, 53% used [0x00000000eb280000,0x00000000eb308000,0x00000000eb380000)
  to   space 1024K, 0% used [0x00000000eb400000,0x00000000eb400000,0x00000000eb500000)
 ParOldGen       total 119808K, used 102078K [0x00000000c0000000, 0x00000000c7500000, 0x00000000eab00000)
  object space 119808K, 85% used [0x00000000c0000000,0x00000000c63afaf8,0x00000000c7500000)
 Metaspace       used 77706K, committed 78592K, reserved 1122304K
  class space    used 8078K, committed 8512K, reserved 1048576K
}
Event: 1216.421 GC heap after
{Heap after GC invocations=1578 (full 44):
 PSYoungGen      total 9216K, used 576K [0x00000000eab00000, 0x00000000eb500000, 0x0000000100000000)
  eden space 8192K, 0% used [0x00000000eab00000,0x00000000eab00000,0x00000000eb300000)
  from space 1024K, 56% used [0x00000000eb400000,0x00000000eb490000,0x00000000eb500000)
  to   space 1024K, 0% used [0x00000000eb300000,0x00000000eb300000,0x00000000eb400000)
 ParOldGen       total 119808K, used 102078K [0x00000000c0000000, 0x00000000c7500000, 0x00000000eab00000)
  object space 119808K, 85% used [0x00000000c0000000,0x00000000c63afaf8,0x00000000c7500000)
 Metaspace       used 77706K, committed 78592K, reserved 1122304K
  class space    used 8078K, committed 8512K, reserved 1048576K
}
Event: 1216.472 GC heap before
{Heap before GC invocations=1579 (full 44):
 PSYoungGen      total 9216K, used 8768K [0x00000000eab00000, 0x00000000eb500000, 0x0000000100000000)
  eden space 8192K, 100% used [0x00000000eab00000,0x00000000eb300000,0x00000000eb300000)
  from space 1024K, 56% used [0x00000000eb400000,0x00000000eb490000,0x00000000eb500000)
  to   space 1024K, 0% used [0x00000000eb300000,0x00000000eb300000,0x00000000eb400000)
 ParOldGen       total 119808K, used 102078K [0x00000000c0000000, 0x00000000c7500000, 0x00000000eab00000)
  object space 119808K, 85% used [0x00000000c0000000,0x00000000c63afaf8,0x00000000c7500000)
 Metaspace       used 77706K, committed 78592K, reserved 1122304K
  class space    used 8078K, committed 8512K, reserved 1048576K
}
Event: 1216.474 GC heap after
{Heap after GC invocations=1579 (full 44):
 PSYoungGen      total 9216K, used 992K [0x00000000eab00000, 0x00000000eb680000, 0x0000000100000000)
  eden space 8192K, 0% used [0x00000000eab00000,0x00000000eab00000,0x00000000eb300000)
  from space 1024K, 96% used [0x00000000eb300000,0x00000000eb3f8000,0x00000000eb400000)
  to   space 1536K, 0% used [0x00000000eb500000,0x00000000eb500000,0x00000000eb680000)
 ParOldGen       total 119808K, used 102078K [0x00000000c0000000, 0x00000000c7500000, 0x00000000eab00000)
  object space 119808K, 85% used [0x00000000c0000000,0x00000000c63afaf8,0x00000000c7500000)
 Metaspace       used 77706K, committed 78592K, reserved 1122304K
  class space    used 8078K, committed 8512K, reserved 1048576K
}

